[Iter 1] Loss: 2209.61767578125
[Iter 2] Loss: 1806.2315673828125
[Iter 3] Loss: 1675511424.0
[Iter 4] Loss: nan
[Iter 5] Loss: nan
[Iter 6] Loss: nan
[Iter 7] Loss: nan
[Iter 8] Loss: nan
[Iter 9] Loss: nan
[Iter 10] Loss: nan
[Iter 11] Loss: nan
[Iter 12] Loss: nan
[Iter 13] Loss: nan
[Iter 14] Loss: nan
[Iter 15] Loss: nan
[Iter 16] Loss: nan
[Iter 17] Loss: nan
[Iter 18] Loss: nan
[Iter 19] Loss: nan
[Iter 20] Loss: nan
[Iter 21] Loss: nan
[Iter 22] Loss: nan
[Iter 23] Loss: nan
[Iter 24] Loss: nan
[Iter 25] Loss: nan
[Iter 26] Loss: nan
[Iter 27] Loss: nan
[Iter 28] Loss: nan
[Iter 29] Loss: nan
[Iter 30] Loss: nan
[Iter 31] Loss: nan
[Iter 32] Loss: nan
[Iter 33] Loss: nan
[Iter 34] Loss: nan
[Iter 35] Loss: nan
[Iter 36] Loss: nan
[Iter 37] Loss: nan
[Iter 38] Loss: nan
[Iter 39] Loss: nan
[Iter 40] Loss: nan
[Iter 41] Loss: nan
[Iter 42] Loss: nan
[Iter 43] Loss: nan
[Iter 44] Loss: nan
[Iter 45] Loss: nan
[Iter 46] Loss: nan
[Iter 47] Loss: nan
[Iter 48] Loss: nan
[Iter 49] Loss: nan
[Iter 50] Loss: nan
[Iter 51] Loss: nan
[Iter 52] Loss: nan
[Iter 53] Loss: nan
[Iter 54] Loss: nan
[Iter 55] Loss: nan
[Iter 56] Loss: nan
[Iter 57] Loss: nan
[Iter 58] Loss: nan
[Iter 59] Loss: nan
[Iter 60] Loss: nan
[Iter 61] Loss: nan
[Iter 62] Loss: nan
[Iter 63] Loss: nan
[Iter 64] Loss: nan
[Iter 65] Loss: nan
[Iter 66] Loss: nan
[Iter 67] Loss: nan
[Iter 68] Loss: nan
[Iter 69] Loss: nan
[Iter 70] Loss: nan
[Iter 71] Loss: nan
[Iter 72] Loss: nan
[Iter 73] Loss: nan
[Iter 74] Loss: nan
[Iter 75] Loss: nan
[Iter 76] Loss: nan
[Iter 77] Loss: nan
[Iter 78] Loss: nan
[Iter 79] Loss: nan
[Iter 80] Loss: nan
[Iter 81] Loss: nan
[Iter 82] Loss: nan
[Iter 83] Loss: nan
[Iter 84] Loss: nan
[Iter 85] Loss: nan
[Iter 86] Loss: nan
[Iter 87] Loss: nan
[Iter 88] Loss: nan
[Iter 89] Loss: nan
[Iter 90] Loss: nan
[Iter 91] Loss: nan
[Iter 92] Loss: nan
[Iter 93] Loss: nan
[Iter 94] Loss: nan
[Iter 95] Loss: nan
[Iter 96] Loss: nan
[Iter 97] Loss: nan
[Iter 98] Loss: nan
[Iter 99] Loss: nan
[Iter 100] Loss: nan
