[Iter 1] Loss: 2086.64990234375
[Iter 2] Loss: 1944.46875
[Iter 3] Loss: 1622.924560546875
[Iter 4] Loss: 1177.75
[Iter 5] Loss: 1044.9322509765625
[Iter 6] Loss: 1043.34912109375
[Iter 7] Loss: 997.8939819335938
[Iter 8] Loss: 1085.279052734375
[Iter 9] Loss: 1042.7974853515625
[Iter 10] Loss: 990.6494750976562
[Iter 11] Loss: 1010.7967529296875
[Iter 12] Loss: 654.7998657226562
[Iter 13] Loss: 931.4260864257812
[Iter 14] Loss: 810.4942016601562
[Iter 15] Loss: 1055.44091796875
[Iter 16] Loss: 832.2490234375
[Iter 17] Loss: 771.4437866210938
[Iter 18] Loss: 900.6611328125
[Iter 19] Loss: 833.3948364257812
[Iter 20] Loss: 905.5410766601562
[Iter 21] Loss: 934.5723876953125
[Iter 22] Loss: 704.619140625
[Iter 23] Loss: 777.7548828125
[Iter 24] Loss: 869.354248046875
[Iter 25] Loss: 610.7263793945312
[Iter 26] Loss: 739.0694580078125
[Iter 27] Loss: 621.0809326171875
[Iter 28] Loss: 645.7664794921875
[Iter 29] Loss: 585.5895385742188
[Iter 30] Loss: 841.5732421875
[Iter 31] Loss: 506.45501708984375
[Iter 32] Loss: 749.1767578125
[Iter 33] Loss: 690.1151733398438
[Iter 34] Loss: 669.8946533203125
[Iter 35] Loss: 651.4903564453125
[Iter 36] Loss: 772.060546875
[Iter 37] Loss: 787.0360107421875
[Iter 38] Loss: 570.0986938476562
[Iter 39] Loss: 818.1805419921875
[Iter 40] Loss: 737.1346435546875
[Iter 41] Loss: 545.52734375
[Iter 42] Loss: 787.7568969726562
[Iter 43] Loss: 889.2013549804688
[Iter 44] Loss: 600.769775390625
[Iter 45] Loss: 567.0872192382812
[Iter 46] Loss: 700.9845581054688
[Iter 47] Loss: 749.6583251953125
[Iter 48] Loss: 862.9148559570312
[Iter 49] Loss: 1163.921875
[Iter 50] Loss: 642.2603759765625
[Iter 51] Loss: 719.3949584960938
[Iter 52] Loss: 619.391357421875
[Iter 53] Loss: 731.7699584960938
[Iter 54] Loss: 665.3919067382812
[Iter 55] Loss: 741.765625
[Iter 56] Loss: 792.44189453125
[Iter 57] Loss: 766.6363525390625
[Iter 58] Loss: 665.1460571289062
[Iter 59] Loss: 732.7658081054688
[Iter 60] Loss: 623.0606079101562
[Iter 61] Loss: 615.58837890625
[Iter 62] Loss: 640.426513671875
[Iter 63] Loss: 619.5142822265625
[Iter 64] Loss: 680.83642578125
[Iter 65] Loss: 664.25927734375
[Iter 66] Loss: 775.9671630859375
[Iter 67] Loss: 539.0455322265625
[Iter 68] Loss: 794.7625732421875
