[Iter 1] Loss: 3720.13671875
[Iter 2] Loss: 2808.287109375
[Iter 3] Loss: 1196.741455078125
[Iter 4] Loss: 1024.991943359375
[Iter 5] Loss: 704.4568481445312
[Iter 6] Loss: 910.6319580078125
[Iter 7] Loss: 1479.96240234375
[Iter 8] Loss: 874.958251953125
[Iter 9] Loss: 1677.910888671875
[Iter 10] Loss: 1527.0758056640625
[Iter 11] Loss: 994.3961791992188
[Iter 12] Loss: 3192.971923828125
[Iter 13] Loss: 1337.7503662109375
[Iter 14] Loss: 819.5360107421875
[Iter 15] Loss: 1031.5283203125
[Iter 16] Loss: 677.6025390625
[Iter 17] Loss: 776.2882690429688
[Iter 18] Loss: 1357.8358154296875
[Iter 19] Loss: 287.9443664550781
[Iter 20] Loss: 450.9713439941406
[Iter 21] Loss: 633.554931640625
[Iter 22] Loss: 485.33441162109375
[Iter 23] Loss: 1250.47119140625
[Iter 24] Loss: 1022.5157470703125
[Iter 25] Loss: 753.5511474609375
[Iter 26] Loss: 2189.5615234375
[Iter 27] Loss: 958.974365234375
[Iter 28] Loss: 1440.0985107421875
[Iter 29] Loss: 394.3949890136719
[Iter 30] Loss: 891.8229370117188
[Iter 31] Loss: 439.67852783203125
[Iter 32] Loss: 413.87396240234375
[Iter 33] Loss: 663.710205078125
[Iter 34] Loss: 508.6286315917969
[Iter 35] Loss: 223.35983276367188
[Iter 36] Loss: 608.0656127929688
[Iter 37] Loss: 444.1718444824219
[Iter 38] Loss: 325.82373046875
[Iter 39] Loss: 944.5877685546875
[Iter 40] Loss: 248.3133087158203
[Iter 41] Loss: 458.40557861328125
[Iter 42] Loss: 361.65509033203125
[Iter 43] Loss: 238.85284423828125
[Iter 44] Loss: 527.6851806640625
[Iter 45] Loss: 413.00830078125
[Iter 46] Loss: 662.9013061523438
[Iter 47] Loss: 236.954345703125
[Iter 48] Loss: 545.4378662109375
[Iter 49] Loss: 596.872314453125
[Iter 50] Loss: 507.14276123046875
[Iter 51] Loss: 507.794189453125
[Iter 52] Loss: 335.5379638671875
[Iter 53] Loss: 285.5577087402344
[Iter 54] Loss: 483.2427673339844
[Iter 55] Loss: 326.8523254394531
[Iter 56] Loss: 477.18560791015625
[Iter 57] Loss: 346.46600341796875
[Iter 58] Loss: 200.8448944091797
[Iter 59] Loss: 254.2323760986328
[Iter 60] Loss: 174.32012939453125
[Iter 61] Loss: 440.59271240234375
[Iter 62] Loss: 367.7993469238281
[Iter 63] Loss: 275.49200439453125
[Iter 64] Loss: 533.7935791015625
[Iter 65] Loss: 302.66802978515625
[Iter 66] Loss: 230.70774841308594
[Iter 67] Loss: 260.25115966796875
[Iter 68] Loss: 365.9004211425781
[Iter 69] Loss: 293.8341979980469
[Iter 70] Loss: 273.6390380859375
[Iter 71] Loss: 412.8892822265625
[Iter 72] Loss: 250.7530517578125
[Iter 73] Loss: 368.33538818359375
[Iter 74] Loss: 176.7095489501953
[Iter 75] Loss: 424.0087585449219
[Iter 76] Loss: 227.78919982910156
[Iter 77] Loss: 134.78793334960938
[Iter 78] Loss: 352.1048889160156
[Iter 79] Loss: 275.13995361328125
[Iter 80] Loss: 246.66928100585938
[Iter 81] Loss: 256.97271728515625
[Iter 82] Loss: 228.59625244140625
[Iter 83] Loss: 240.23130798339844
[Iter 84] Loss: 212.06393432617188
[Iter 85] Loss: 331.2384033203125
[Iter 86] Loss: 215.06398010253906
[Iter 87] Loss: 397.99127197265625
[Iter 88] Loss: 243.179931640625
[Iter 89] Loss: 312.75341796875
[Iter 90] Loss: 201.35435485839844
[Iter 91] Loss: 214.19027709960938
[Iter 92] Loss: 214.18077087402344
[Iter 93] Loss: 394.50048828125
[Iter 94] Loss: 254.24526977539062
[Iter 95] Loss: 341.3284606933594
[Iter 96] Loss: 487.93463134765625
[Iter 97] Loss: 414.33349609375
[Iter 98] Loss: 404.4068298339844
[Iter 99] Loss: 188.74403381347656
[Iter 100] Loss: 287.7073974609375
[Iter 101] Loss: 432.0063171386719
[Iter 102] Loss: 351.5018005371094
[Iter 103] Loss: 204.97879028320312
[Iter 104] Loss: 238.85394287109375
[Iter 105] Loss: 207.1365203857422
[Iter 106] Loss: 298.4468078613281
[Iter 107] Loss: 275.8427734375
[Iter 108] Loss: 267.1526794433594
[Iter 109] Loss: 177.19410705566406
[Iter 110] Loss: 206.70108032226562
[Iter 111] Loss: 389.9603576660156
[Iter 112] Loss: 224.3722381591797
[Iter 113] Loss: 282.22662353515625
[Iter 114] Loss: 215.92349243164062
[Iter 115] Loss: 416.93475341796875
[Iter 116] Loss: 228.49261474609375
[Iter 117] Loss: 237.61570739746094
[Iter 118] Loss: 257.33203125
[Iter 119] Loss: 474.5873718261719
[Iter 120] Loss: 424.7503662109375
[Iter 121] Loss: 216.5892333984375
[Iter 122] Loss: 229.7220001220703
[Iter 123] Loss: 190.77593994140625
[Iter 124] Loss: 433.02801513671875
[Iter 125] Loss: 225.96340942382812
[Iter 126] Loss: 404.5430603027344
[Iter 127] Loss: 275.9286804199219
[Iter 128] Loss: 199.42311096191406
[Iter 129] Loss: 165.83306884765625
[Iter 130] Loss: 311.4572448730469
[Iter 131] Loss: 462.2710876464844
[Iter 132] Loss: 270.94744873046875
[Iter 133] Loss: 203.58673095703125
[Iter 134] Loss: 162.05804443359375
[Iter 135] Loss: 132.00369262695312
[Iter 136] Loss: 287.59698486328125
[Iter 137] Loss: 238.10528564453125
[Iter 138] Loss: 298.6084899902344
[Iter 139] Loss: 472.98431396484375
[Iter 140] Loss: 178.66546630859375
[Iter 141] Loss: 171.47433471679688
[Iter 142] Loss: 95.3001937866211
[Iter 143] Loss: 245.48797607421875
[Iter 144] Loss: 327.85791015625
[Iter 145] Loss: 171.81996154785156
[Iter 146] Loss: 199.18365478515625
[Iter 147] Loss: 193.95330810546875
[Iter 148] Loss: 491.97760009765625
[Iter 149] Loss: 275.9840087890625
[Iter 150] Loss: 215.7967987060547
[Iter 151] Loss: 90.51896667480469
[Iter 152] Loss: 202.14710998535156
[Iter 153] Loss: 370.9696044921875
[Iter 154] Loss: 133.7220916748047
[Iter 155] Loss: 132.3634033203125
[Iter 156] Loss: 136.05020141601562
[Iter 157] Loss: 310.57391357421875
[Iter 158] Loss: 205.2352294921875
[Iter 159] Loss: 158.90257263183594
[Iter 160] Loss: 322.5770568847656
[Iter 161] Loss: 229.54156494140625
[Iter 162] Loss: 205.6339569091797
[Iter 163] Loss: 222.69735717773438
[Iter 164] Loss: 263.44573974609375
[Iter 165] Loss: 183.91758728027344
[Iter 166] Loss: 179.45684814453125
[Iter 167] Loss: 257.45977783203125
[Iter 168] Loss: 125.990478515625
[Iter 169] Loss: 142.91265869140625
[Iter 170] Loss: 373.7577209472656
[Iter 171] Loss: 325.7774658203125
[Iter 172] Loss: 193.67994689941406
[Iter 173] Loss: 177.53883361816406
[Iter 174] Loss: 356.3092956542969
[Iter 175] Loss: 161.34500122070312
[Iter 176] Loss: 192.3123779296875
[Iter 177] Loss: 291.510986328125
[Iter 178] Loss: 222.46800231933594
[Iter 179] Loss: 223.62802124023438
[Iter 180] Loss: 230.81649780273438
[Iter 181] Loss: 219.70361328125
[Iter 182] Loss: 304.84710693359375
[Iter 183] Loss: 435.6582336425781
[Iter 184] Loss: 207.40304565429688
[Iter 185] Loss: 208.6333770751953
[Iter 186] Loss: 150.16879272460938
[Iter 187] Loss: 234.41990661621094
[Iter 188] Loss: 293.5285949707031
[Iter 189] Loss: 202.5387725830078
[Iter 190] Loss: 244.746337890625
[Iter 191] Loss: 332.8791198730469
[Iter 192] Loss: 192.9882049560547
[Iter 193] Loss: 411.76068115234375
[Iter 194] Loss: 279.6882019042969
[Iter 195] Loss: 335.77215576171875
[Iter 196] Loss: 330.4883117675781
[Iter 197] Loss: 265.29046630859375
[Iter 198] Loss: 297.4510498046875
[Iter 199] Loss: 333.47222900390625
[Iter 200] Loss: 332.5809020996094
[Iter 201] Loss: 195.85174560546875
[Iter 202] Loss: 289.5310363769531
[Iter 203] Loss: 303.3350830078125
[Iter 204] Loss: 121.2821044921875
[Iter 205] Loss: 130.68881225585938
[Iter 206] Loss: 195.26763916015625
[Iter 207] Loss: 336.281005859375
[Iter 208] Loss: 366.16973876953125
[Iter 209] Loss: 240.55056762695312
[Iter 210] Loss: 265.6673889160156
[Iter 211] Loss: 182.60928344726562
[Iter 212] Loss: 171.38314819335938
[Iter 213] Loss: 361.6419982910156
[Iter 214] Loss: 285.7245788574219
[Iter 215] Loss: 186.17579650878906
[Iter 216] Loss: 255.20162963867188
[Iter 217] Loss: 251.9271697998047
[Iter 218] Loss: 163.35580444335938
[Iter 219] Loss: 288.1485290527344
[Iter 220] Loss: 168.75668334960938
[Iter 221] Loss: 212.18441772460938
[Iter 222] Loss: 216.3804931640625
[Iter 223] Loss: 359.3869323730469
[Iter 224] Loss: 137.40089416503906
[Iter 225] Loss: 189.44313049316406
[Iter 226] Loss: 170.5945281982422
[Iter 227] Loss: 167.18084716796875
[Iter 228] Loss: 298.1661071777344
[Iter 229] Loss: 277.6403503417969
[Iter 230] Loss: 204.34825134277344
[Iter 231] Loss: 145.36578369140625
[Iter 232] Loss: 212.97488403320312
[Iter 233] Loss: 548.0333862304688
[Iter 234] Loss: 112.5543212890625
[Iter 235] Loss: 198.43896484375
[Iter 236] Loss: 313.5271301269531
[Iter 237] Loss: 357.72674560546875
[Iter 238] Loss: 358.4605712890625
[Iter 239] Loss: 285.93133544921875
[Iter 240] Loss: 279.9325256347656
[Iter 241] Loss: 425.2462463378906
[Iter 242] Loss: 330.0401916503906
[Iter 243] Loss: 331.06781005859375
[Iter 244] Loss: 330.02459716796875
[Iter 245] Loss: 275.0338134765625
[Iter 246] Loss: 218.22406005859375
[Iter 247] Loss: 263.24755859375
[Iter 248] Loss: 199.05947875976562
[Iter 249] Loss: 180.26370239257812
[Iter 250] Loss: 267.5091247558594
[Iter 251] Loss: 197.93930053710938
[Iter 252] Loss: 232.2909393310547
[Iter 253] Loss: 215.2953643798828
[Iter 254] Loss: 278.66424560546875
[Iter 255] Loss: 286.07550048828125
[Iter 256] Loss: 141.65065002441406
[Iter 257] Loss: 149.18064880371094
[Iter 258] Loss: 268.0790710449219
[Iter 259] Loss: 333.8533630371094
[Iter 260] Loss: 162.5462188720703
[Iter 261] Loss: 252.84664916992188
[Iter 262] Loss: 142.9551239013672
[Iter 263] Loss: 268.413818359375
[Iter 264] Loss: 284.2148742675781
[Iter 265] Loss: 279.3277282714844
[Iter 266] Loss: 328.4677734375
[Iter 267] Loss: 117.80950927734375
[Iter 268] Loss: 208.82630920410156
[Iter 269] Loss: 338.19927978515625
[Iter 270] Loss: 267.9300231933594
[Iter 271] Loss: 348.3446960449219
[Iter 272] Loss: 245.431640625
[Iter 273] Loss: 189.30445861816406
[Iter 274] Loss: 227.9035186767578
[Iter 275] Loss: 215.2195281982422
[Iter 276] Loss: 282.8507080078125
[Iter 277] Loss: 388.7845764160156
[Iter 278] Loss: 298.0806884765625
[Iter 279] Loss: 126.13170623779297
[Iter 280] Loss: 331.1141662597656
[Iter 281] Loss: 236.26165771484375
[Iter 282] Loss: 314.3556213378906
[Iter 283] Loss: 237.43482971191406
[Iter 284] Loss: 245.660888671875
[Iter 285] Loss: 159.09542846679688
[Iter 286] Loss: 188.50680541992188
[Iter 287] Loss: 315.03729248046875
[Iter 288] Loss: 285.5021667480469
[Iter 289] Loss: 187.49493408203125
[Iter 290] Loss: 171.87242126464844
[Iter 291] Loss: 348.37445068359375
[Iter 292] Loss: 120.60235595703125
[Iter 293] Loss: 234.48062133789062
[Iter 294] Loss: 302.209228515625
[Iter 295] Loss: 164.09304809570312
[Iter 296] Loss: 167.1442413330078
[Iter 297] Loss: 317.24017333984375
[Iter 298] Loss: 236.59202575683594
[Iter 299] Loss: 223.59048461914062
[Iter 300] Loss: 198.50616455078125
[Iter 301] Loss: 161.95083618164062
[Iter 302] Loss: 193.9597930908203
[Iter 303] Loss: 231.35171508789062
[Iter 304] Loss: 260.23309326171875
[Iter 305] Loss: 241.55795288085938
[Iter 306] Loss: 262.7232666015625
[Iter 307] Loss: 263.3797607421875
[Iter 308] Loss: 286.2042236328125
[Iter 309] Loss: 303.19512939453125
[Iter 310] Loss: 215.39125061035156
[Iter 311] Loss: 257.5707702636719
[Iter 312] Loss: 217.49124145507812
[Iter 313] Loss: 219.0679473876953
[Iter 314] Loss: 233.30758666992188
[Iter 315] Loss: 231.32508850097656
[Iter 316] Loss: 187.64068603515625
[Iter 317] Loss: 244.765380859375
[Iter 318] Loss: 221.46279907226562
[Iter 319] Loss: 133.59555053710938
[Iter 320] Loss: 269.395263671875
[Iter 321] Loss: 191.5773162841797
[Iter 322] Loss: 159.9678497314453
[Iter 323] Loss: 328.05419921875
[Iter 324] Loss: 208.5096435546875
[Iter 325] Loss: 257.5194091796875
[Iter 326] Loss: 304.100341796875
[Iter 327] Loss: 200.5232391357422
[Iter 328] Loss: 258.45233154296875
[Iter 329] Loss: 236.36026000976562
[Iter 330] Loss: 234.355224609375
[Iter 331] Loss: 185.96449279785156
[Iter 332] Loss: 100.0445556640625
[Iter 333] Loss: 205.40335083007812
[Iter 334] Loss: 191.6339569091797
[Iter 335] Loss: 156.2757110595703
[Iter 336] Loss: 166.197021484375
[Iter 337] Loss: 365.3564758300781
[Iter 338] Loss: 222.2569122314453
[Iter 339] Loss: 138.25286865234375
[Iter 340] Loss: 130.6124725341797
[Iter 341] Loss: 316.32275390625
[Iter 342] Loss: 222.10015869140625
[Iter 343] Loss: 352.7642517089844
[Iter 344] Loss: 194.28187561035156
[Iter 345] Loss: 265.11578369140625
[Iter 346] Loss: 211.48411560058594
[Iter 347] Loss: 179.23922729492188
[Iter 348] Loss: 199.6519317626953
[Iter 349] Loss: 152.65098571777344
[Iter 350] Loss: 272.54864501953125
[Iter 351] Loss: 224.5443115234375
[Iter 352] Loss: 332.5458679199219
[Iter 353] Loss: 258.20245361328125
[Iter 354] Loss: 199.9528350830078
[Iter 355] Loss: 229.05908203125
[Iter 356] Loss: 269.2968444824219
[Iter 357] Loss: 142.72853088378906
[Iter 358] Loss: 271.2530517578125
[Iter 359] Loss: 253.36509704589844
[Iter 360] Loss: 141.74798583984375
[Iter 361] Loss: 351.3305358886719
[Iter 362] Loss: 244.00267028808594
[Iter 363] Loss: 176.7171173095703
[Iter 364] Loss: 364.4384765625
[Iter 365] Loss: 237.31307983398438
[Iter 366] Loss: 324.5491943359375
[Iter 367] Loss: 237.16319274902344
[Iter 368] Loss: 357.4180908203125
[Iter 369] Loss: 153.23818969726562
[Iter 370] Loss: 271.91571044921875
[Iter 371] Loss: 309.77679443359375
[Iter 372] Loss: 102.66452026367188
[Iter 373] Loss: 272.6461181640625
[Iter 374] Loss: 236.0736541748047
[Iter 375] Loss: 164.7163848876953
[Iter 376] Loss: 297.1833190917969
[Iter 377] Loss: 189.60743713378906
[Iter 378] Loss: 220.9585418701172
[Iter 379] Loss: 289.468505859375
[Iter 380] Loss: 307.37884521484375
[Iter 381] Loss: 172.36871337890625
[Iter 382] Loss: 174.7570343017578
[Iter 383] Loss: 363.0760192871094
[Iter 384] Loss: 241.29591369628906
[Iter 385] Loss: 152.0774383544922
[Iter 386] Loss: 197.30067443847656
[Iter 387] Loss: 324.5376281738281
[Iter 388] Loss: 167.97206115722656
[Iter 389] Loss: 263.46295166015625
[Iter 390] Loss: 147.98878479003906
[Iter 391] Loss: 358.13140869140625
[Iter 392] Loss: 217.4698486328125
[Iter 393] Loss: 275.21881103515625
[Iter 394] Loss: 276.2117004394531
[Iter 395] Loss: 219.7120361328125
[Iter 396] Loss: 283.4281311035156
[Iter 397] Loss: 225.357666015625
[Iter 398] Loss: 250.74746704101562
[Iter 399] Loss: 261.8724365234375
[Iter 400] Loss: 146.51490783691406
[Iter 401] Loss: 313.94708251953125
[Iter 402] Loss: 222.6752166748047
[Iter 403] Loss: 241.13546752929688
[Iter 404] Loss: 241.99395751953125
[Iter 405] Loss: 206.52511596679688
[Iter 406] Loss: 295.11370849609375
[Iter 407] Loss: 181.4122314453125
[Iter 408] Loss: 181.7002716064453
[Iter 409] Loss: 139.79196166992188
[Iter 410] Loss: 171.02638244628906
[Iter 411] Loss: 293.0893859863281
[Iter 412] Loss: 212.77774047851562
[Iter 413] Loss: 219.7322540283203
[Iter 414] Loss: 111.05192565917969
[Iter 415] Loss: 213.1886749267578
[Iter 416] Loss: 135.39088439941406
[Iter 417] Loss: 182.12130737304688
[Iter 418] Loss: 258.5968017578125
[Iter 419] Loss: 336.9190673828125
[Iter 420] Loss: 145.83444213867188
[Iter 421] Loss: 271.40582275390625
[Iter 422] Loss: 221.77232360839844
[Iter 423] Loss: 342.56182861328125
[Iter 424] Loss: 196.2025909423828
[Iter 425] Loss: 208.17510986328125
[Iter 426] Loss: 210.7036590576172
[Iter 427] Loss: 188.04345703125
[Iter 428] Loss: 193.81182861328125
[Iter 429] Loss: 206.16371154785156
[Iter 430] Loss: 259.1741638183594
[Iter 431] Loss: 208.48240661621094
[Iter 432] Loss: 429.490966796875
[Iter 433] Loss: 329.1728820800781
[Iter 434] Loss: 212.3700408935547
[Iter 435] Loss: 239.7965087890625
[Iter 436] Loss: 303.36480712890625
[Iter 437] Loss: 240.75941467285156
[Iter 438] Loss: 297.0843811035156
[Iter 439] Loss: 234.35260009765625
[Iter 440] Loss: 191.8966064453125
[Iter 441] Loss: 225.3193359375
[Iter 442] Loss: 169.82948303222656
[Iter 443] Loss: 293.3656921386719
[Iter 444] Loss: 240.97706604003906
[Iter 445] Loss: 221.62855529785156
[Iter 446] Loss: 147.34295654296875
[Iter 447] Loss: 147.3428955078125
[Iter 448] Loss: 281.14227294921875
[Iter 449] Loss: 125.59040069580078
[Iter 450] Loss: 267.6231994628906
[Iter 451] Loss: 238.6942596435547
[Iter 452] Loss: 301.8793029785156
[Iter 453] Loss: 235.93594360351562
[Iter 454] Loss: 199.3933868408203
[Iter 455] Loss: 210.0658721923828
[Iter 456] Loss: 358.9469299316406
[Iter 457] Loss: 298.1524658203125
[Iter 458] Loss: 168.3889923095703
[Iter 459] Loss: 316.3701171875
[Iter 460] Loss: 167.62344360351562
[Iter 461] Loss: 214.41476440429688
[Iter 462] Loss: 254.64242553710938
[Iter 463] Loss: 155.4683837890625
[Iter 464] Loss: 219.5867462158203
[Iter 465] Loss: 192.4081268310547
[Iter 466] Loss: 218.8804931640625
[Iter 467] Loss: 188.30235290527344
[Iter 468] Loss: 150.36074829101562
[Iter 469] Loss: 70.27896118164062
[Iter 470] Loss: 204.59335327148438
[Iter 471] Loss: 179.96078491210938
[Iter 472] Loss: 154.1131134033203
[Iter 473] Loss: 254.883056640625
[Iter 474] Loss: 157.62879943847656
[Iter 475] Loss: 245.3701934814453
[Iter 476] Loss: 184.7571258544922
[Iter 477] Loss: 223.55978393554688
[Iter 478] Loss: 287.8529357910156
[Iter 479] Loss: 143.20193481445312
[Iter 480] Loss: 207.60694885253906
[Iter 481] Loss: 218.82400512695312
[Iter 482] Loss: 127.68637084960938
[Iter 483] Loss: 171.5946807861328
[Iter 484] Loss: 317.59454345703125
[Iter 485] Loss: 272.873291015625
[Iter 486] Loss: 179.69515991210938
[Iter 487] Loss: 270.5412292480469
[Iter 488] Loss: 214.57008361816406
[Iter 489] Loss: 158.1821746826172
[Iter 490] Loss: 168.17892456054688
[Iter 491] Loss: 242.8866424560547
[Iter 492] Loss: 204.39651489257812
[Iter 493] Loss: 232.68093872070312
[Iter 494] Loss: 288.50689697265625
[Iter 495] Loss: 203.5026397705078
[Iter 496] Loss: 260.6344299316406
[Iter 497] Loss: 194.61334228515625
[Iter 498] Loss: 266.33941650390625
[Iter 499] Loss: 298.94512939453125
[Iter 500] Loss: 241.4463653564453
[Iter 501] Loss: 249.03831481933594
[Iter 502] Loss: 325.29937744140625
[Iter 503] Loss: 292.55059814453125
[Iter 504] Loss: 236.55630493164062
[Iter 505] Loss: 228.47230529785156
[Iter 506] Loss: 252.8028106689453
[Iter 507] Loss: 301.6103515625
[Iter 508] Loss: 114.65814208984375
[Iter 509] Loss: 314.7042541503906
[Iter 510] Loss: 129.12213134765625
[Iter 511] Loss: 246.05947875976562
[Iter 512] Loss: 229.1435546875
[Iter 513] Loss: 192.1146240234375
[Iter 514] Loss: 222.3816680908203
[Iter 515] Loss: 161.910888671875
[Iter 516] Loss: 219.3604736328125
[Iter 517] Loss: 254.29779052734375
[Iter 518] Loss: 168.33648681640625
[Iter 519] Loss: 188.9300537109375
[Iter 520] Loss: 144.47634887695312
[Iter 521] Loss: 149.85911560058594
[Iter 522] Loss: 248.5482635498047
[Iter 523] Loss: 233.74554443359375
[Iter 524] Loss: 191.22630310058594
[Iter 525] Loss: 292.22515869140625
[Iter 526] Loss: 312.91033935546875
[Iter 527] Loss: 249.70184326171875
[Iter 528] Loss: 163.519287109375
[Iter 529] Loss: 138.487548828125
[Iter 530] Loss: 166.27735900878906
[Iter 531] Loss: 187.86456298828125
[Iter 532] Loss: 237.6205291748047
[Iter 533] Loss: 206.44699096679688
[Iter 534] Loss: 228.86009216308594
[Iter 535] Loss: 224.7600860595703
[Iter 536] Loss: 249.65771484375
[Iter 537] Loss: 250.80540466308594
[Iter 538] Loss: 256.7519226074219
[Iter 539] Loss: 159.9381561279297
[Iter 540] Loss: 140.28854370117188
[Iter 541] Loss: 208.42176818847656
[Iter 542] Loss: 185.12356567382812
[Iter 543] Loss: 209.8814697265625
[Iter 544] Loss: 273.0826721191406
[Iter 545] Loss: 180.4474334716797
[Iter 546] Loss: 242.66676330566406
[Iter 547] Loss: 140.9862518310547
[Iter 548] Loss: 328.49560546875
[Iter 549] Loss: 181.0050506591797
[Iter 550] Loss: 247.23098754882812
[Iter 551] Loss: 152.09051513671875
[Iter 552] Loss: 300.66558837890625
[Iter 553] Loss: 264.8628845214844
[Iter 554] Loss: 314.6541442871094
[Iter 555] Loss: 105.56765747070312
[Iter 556] Loss: 197.34039306640625
[Iter 557] Loss: 74.74805450439453
[Iter 558] Loss: 326.99530029296875
[Iter 559] Loss: 267.57745361328125
[Iter 560] Loss: 156.709228515625
[Iter 561] Loss: 109.85569763183594
[Iter 562] Loss: 326.8154602050781
[Iter 563] Loss: 173.134033203125
[Iter 564] Loss: 128.41485595703125
[Iter 565] Loss: 164.85952758789062
[Iter 566] Loss: 195.8726043701172
[Iter 567] Loss: 176.31214904785156
[Iter 568] Loss: 240.45425415039062
[Iter 569] Loss: 176.0934295654297
[Iter 570] Loss: 258.2104797363281
[Iter 571] Loss: 337.5393371582031
[Iter 572] Loss: 143.95372009277344
[Iter 573] Loss: 306.45379638671875
[Iter 574] Loss: 223.9939422607422
[Iter 575] Loss: 130.69676208496094
[Iter 576] Loss: 208.74176025390625
[Iter 577] Loss: 235.08901977539062
[Iter 578] Loss: 180.65884399414062
[Iter 579] Loss: 278.4084167480469
[Iter 580] Loss: 297.3133544921875
[Iter 581] Loss: 218.396240234375
[Iter 582] Loss: 151.84732055664062
[Iter 583] Loss: 230.1035919189453
[Iter 584] Loss: 176.31695556640625
[Iter 585] Loss: 190.50836181640625
[Iter 586] Loss: 196.06072998046875
[Iter 587] Loss: 161.93341064453125
[Iter 588] Loss: 315.9764709472656
[Iter 589] Loss: 216.45419311523438
[Iter 590] Loss: 226.27059936523438
[Iter 591] Loss: 185.76687622070312
[Iter 592] Loss: 253.54566955566406
[Iter 593] Loss: 245.4247283935547
[Iter 594] Loss: 250.39859008789062
[Iter 595] Loss: 234.64840698242188
[Iter 596] Loss: 346.72137451171875
[Iter 597] Loss: 187.98280334472656
[Iter 598] Loss: 181.44912719726562
[Iter 599] Loss: 220.99525451660156
[Iter 600] Loss: 218.81820678710938
[Iter 601] Loss: 316.0024108886719
[Iter 602] Loss: 129.06948852539062
[Iter 603] Loss: 165.00051879882812
[Iter 604] Loss: 212.80059814453125
[Iter 605] Loss: 153.04238891601562
[Iter 606] Loss: 158.06834411621094
[Iter 607] Loss: 123.00334930419922
[Iter 608] Loss: 291.27618408203125
[Iter 609] Loss: 206.52940368652344
[Iter 610] Loss: 221.4715576171875
[Iter 611] Loss: 306.0279235839844
[Iter 612] Loss: 141.74266052246094
[Iter 613] Loss: 272.86395263671875
[Iter 614] Loss: 143.59661865234375
[Iter 615] Loss: 147.83224487304688
[Iter 616] Loss: 212.72544860839844
[Iter 617] Loss: 207.5206756591797
[Iter 618] Loss: 260.2464904785156
[Iter 619] Loss: 175.10647583007812
[Iter 620] Loss: 139.33023071289062
[Iter 621] Loss: 185.03936767578125
[Iter 622] Loss: 261.90496826171875
[Iter 623] Loss: 265.0311279296875
[Iter 624] Loss: 169.21566772460938
[Iter 625] Loss: 335.49578857421875
[Iter 626] Loss: 221.6327362060547
[Iter 627] Loss: 182.6511993408203
[Iter 628] Loss: 254.21026611328125
[Iter 629] Loss: 177.1070098876953
[Iter 630] Loss: 221.73593139648438
[Iter 631] Loss: 188.81826782226562
[Iter 632] Loss: 387.0032653808594
[Iter 633] Loss: 232.29620361328125
[Iter 634] Loss: 238.6815643310547
[Iter 635] Loss: 157.3779296875
[Iter 636] Loss: 328.2073669433594
[Iter 637] Loss: 250.30880737304688
[Iter 638] Loss: 330.50457763671875
[Iter 639] Loss: 218.7874755859375
[Iter 640] Loss: 246.84207153320312
[Iter 641] Loss: 224.54046630859375
[Iter 642] Loss: 253.7642364501953
[Iter 643] Loss: 239.51284790039062
[Iter 644] Loss: 287.3873596191406
[Iter 645] Loss: 214.4032745361328
[Iter 646] Loss: 136.6301727294922
[Iter 647] Loss: 208.44625854492188
[Iter 648] Loss: 193.84353637695312
[Iter 649] Loss: 192.94168090820312
[Iter 650] Loss: 175.6181640625
[Iter 651] Loss: 201.15386962890625
[Iter 652] Loss: 102.69693756103516
[Iter 653] Loss: 303.50347900390625
[Iter 654] Loss: 120.50387573242188
[Iter 655] Loss: 303.4554748535156
[Iter 656] Loss: 172.14886474609375
[Iter 657] Loss: 177.22354125976562
[Iter 658] Loss: 250.61886596679688
[Iter 659] Loss: 166.6541748046875
[Iter 660] Loss: 202.7329559326172
[Iter 661] Loss: 132.6340789794922
[Iter 662] Loss: 249.93026733398438
[Iter 663] Loss: 167.59698486328125
[Iter 664] Loss: 314.9994812011719
[Iter 665] Loss: 116.86958312988281
[Iter 666] Loss: 249.63307189941406
[Iter 667] Loss: 170.62962341308594
[Iter 668] Loss: 211.58961486816406
[Iter 669] Loss: 193.82591247558594
[Iter 670] Loss: 161.6602020263672
[Iter 671] Loss: 186.3080291748047
[Iter 672] Loss: 219.5961456298828
[Iter 673] Loss: 135.51258850097656
[Iter 674] Loss: 412.1826477050781
[Iter 675] Loss: 234.1193389892578
[Iter 676] Loss: 166.30751037597656
[Iter 677] Loss: 168.4988250732422
[Iter 678] Loss: 294.5779724121094
[Iter 679] Loss: 219.64974975585938
[Iter 680] Loss: 103.28419494628906
[Iter 681] Loss: 297.7244873046875
[Iter 682] Loss: 334.9353332519531
[Iter 683] Loss: 185.95281982421875
[Iter 684] Loss: 158.3988494873047
[Iter 685] Loss: 243.9366455078125
[Iter 686] Loss: 213.2462158203125
[Iter 687] Loss: 129.7247772216797
[Iter 688] Loss: 356.0975036621094
[Iter 689] Loss: 124.8270263671875
[Iter 690] Loss: 226.40118408203125
[Iter 691] Loss: 155.62088012695312
[Iter 692] Loss: 167.57427978515625
[Iter 693] Loss: 192.38941955566406
[Iter 694] Loss: 173.10897827148438
[Iter 695] Loss: 162.0670623779297
[Iter 696] Loss: 221.43495178222656
[Iter 697] Loss: 235.14852905273438
[Iter 698] Loss: 343.52349853515625
[Iter 699] Loss: 233.34942626953125
[Iter 700] Loss: 252.92469787597656
[Iter 701] Loss: 202.012939453125
[Iter 702] Loss: 201.697265625
[Iter 703] Loss: 230.68145751953125
[Iter 704] Loss: 116.04903411865234
[Iter 705] Loss: 139.44754028320312
[Iter 706] Loss: 226.3140869140625
[Iter 707] Loss: 132.39544677734375
[Iter 708] Loss: 190.41412353515625
[Iter 709] Loss: 291.1144104003906
[Iter 710] Loss: 213.27113342285156
[Iter 711] Loss: 229.06101989746094
[Iter 712] Loss: 136.5922088623047
[Iter 713] Loss: 145.87789916992188
[Iter 714] Loss: 182.74923706054688
[Iter 715] Loss: 235.9640655517578
[Iter 716] Loss: 208.92990112304688
[Iter 717] Loss: 358.1117248535156
[Iter 718] Loss: 281.2579040527344
[Iter 719] Loss: 182.08152770996094
[Iter 720] Loss: 167.3048553466797
[Iter 721] Loss: 240.07901000976562
[Iter 722] Loss: 155.3085479736328
[Iter 723] Loss: 241.47421264648438
[Iter 724] Loss: 177.0796661376953
[Iter 725] Loss: 144.1669921875
[Iter 726] Loss: 162.79904174804688
[Iter 727] Loss: 103.1028060913086
[Iter 728] Loss: 176.1839141845703
[Iter 729] Loss: 150.37156677246094
[Iter 730] Loss: 101.86715698242188
[Iter 731] Loss: 280.8196105957031
[Iter 732] Loss: 172.02183532714844
[Iter 733] Loss: 290.7974853515625
[Iter 734] Loss: 157.29904174804688
[Iter 735] Loss: 266.7372131347656
[Iter 736] Loss: 205.08705139160156
[Iter 737] Loss: 199.95762634277344
[Iter 738] Loss: 221.25978088378906
[Iter 739] Loss: 128.00086975097656
[Iter 740] Loss: 257.28277587890625
[Iter 741] Loss: 210.31871032714844
[Iter 742] Loss: 203.4239501953125
[Iter 743] Loss: 166.8266143798828
[Iter 744] Loss: 202.5121612548828
[Iter 745] Loss: 121.78886413574219
[Iter 746] Loss: 182.83531188964844
[Iter 747] Loss: 119.06016540527344
[Iter 748] Loss: 287.2903747558594
[Iter 749] Loss: 142.88890075683594
[Iter 750] Loss: 189.89785766601562
[Iter 751] Loss: 253.0845184326172
[Iter 752] Loss: 180.17149353027344
[Iter 753] Loss: 223.30874633789062
[Iter 754] Loss: 382.8771057128906
[Iter 755] Loss: 148.99586486816406
[Iter 756] Loss: 196.74176025390625
[Iter 757] Loss: 224.8297576904297
[Iter 758] Loss: 290.7342529296875
[Iter 759] Loss: 190.10208129882812
[Iter 760] Loss: 193.86566162109375
[Iter 761] Loss: 198.09521484375
[Iter 762] Loss: 113.50596618652344
[Iter 763] Loss: 254.59498596191406
[Iter 764] Loss: 112.8731918334961
[Iter 765] Loss: 127.4930648803711
[Iter 766] Loss: 248.97569274902344
[Iter 767] Loss: 113.49835205078125
[Iter 768] Loss: 234.4029541015625
[Iter 769] Loss: 122.36788177490234
[Iter 770] Loss: 235.02691650390625
[Iter 771] Loss: 203.1409912109375
[Iter 772] Loss: 231.49249267578125
[Iter 773] Loss: 312.4178771972656
[Iter 774] Loss: 118.86792755126953
[Iter 775] Loss: 197.05911254882812
[Iter 776] Loss: 198.67201232910156
[Iter 777] Loss: 112.87437438964844
[Iter 778] Loss: 315.5103454589844
[Iter 779] Loss: 225.7075958251953
[Iter 780] Loss: 271.6414794921875
[Iter 781] Loss: 182.06256103515625
[Iter 782] Loss: 126.76359558105469
[Iter 783] Loss: 225.8746795654297
[Iter 784] Loss: 156.16513061523438
[Iter 785] Loss: 86.71692657470703
[Iter 786] Loss: 267.7121276855469
[Iter 787] Loss: 160.04403686523438
[Iter 788] Loss: 221.83432006835938
[Iter 789] Loss: 154.36502075195312
[Iter 790] Loss: 131.37677001953125
[Iter 791] Loss: 253.96604919433594
[Iter 792] Loss: 206.84494018554688
[Iter 793] Loss: 160.100830078125
[Iter 794] Loss: 261.9682312011719
[Iter 795] Loss: 157.5504150390625
[Iter 796] Loss: 194.39791870117188
[Iter 797] Loss: 241.6714630126953
[Iter 798] Loss: 188.0584716796875
[Iter 799] Loss: 279.2602844238281
[Iter 800] Loss: 176.76766967773438
[Iter 801] Loss: 252.60324096679688
[Iter 802] Loss: 181.73123168945312
[Iter 803] Loss: 280.5583801269531
[Iter 804] Loss: 231.14073181152344
[Iter 805] Loss: 153.43145751953125
[Iter 806] Loss: 246.0574493408203
[Iter 807] Loss: 132.89697265625
[Iter 808] Loss: 171.15777587890625
[Iter 809] Loss: 179.40255737304688
[Iter 810] Loss: 147.3810577392578
[Iter 811] Loss: 200.96119689941406
[Iter 812] Loss: 217.41957092285156
[Iter 813] Loss: 174.14102172851562
[Iter 814] Loss: 118.07817077636719
[Iter 815] Loss: 218.33233642578125
[Iter 816] Loss: 199.5355224609375
[Iter 817] Loss: 174.9249267578125
[Iter 818] Loss: 211.31979370117188
[Iter 819] Loss: 155.9739227294922
[Iter 820] Loss: 210.4521484375
[Iter 821] Loss: 172.58306884765625
[Iter 822] Loss: 146.8615264892578
[Iter 823] Loss: 179.8623046875
[Iter 824] Loss: 297.6714172363281
[Iter 825] Loss: 114.2438735961914
[Iter 826] Loss: 221.38645935058594
[Iter 827] Loss: 182.35882568359375
[Iter 828] Loss: 265.14892578125
[Iter 829] Loss: 165.8943328857422
[Iter 830] Loss: 181.74444580078125
[Iter 831] Loss: 372.9917907714844
[Iter 832] Loss: 236.6019744873047
[Iter 833] Loss: 236.5424346923828
[Iter 834] Loss: 147.9947509765625
[Iter 835] Loss: 266.323974609375
[Iter 836] Loss: 266.99688720703125
[Iter 837] Loss: 204.29977416992188
[Iter 838] Loss: 153.77093505859375
[Iter 839] Loss: 239.68727111816406
[Iter 840] Loss: 163.8577117919922
[Iter 841] Loss: 207.7164764404297
[Iter 842] Loss: 154.60923767089844
[Iter 843] Loss: 145.93260192871094
[Iter 844] Loss: 184.57101440429688
[Iter 845] Loss: 191.71237182617188
[Iter 846] Loss: 334.29266357421875
[Iter 847] Loss: 215.1480712890625
[Iter 848] Loss: 221.8191680908203
[Iter 849] Loss: 263.1846618652344
[Iter 850] Loss: 266.1159362792969
[Iter 851] Loss: 143.13760375976562
[Iter 852] Loss: 269.822509765625
[Iter 853] Loss: 163.30517578125
[Iter 854] Loss: 273.9249267578125
[Iter 855] Loss: 142.18026733398438
[Iter 856] Loss: 228.5366668701172
[Iter 857] Loss: 182.21646118164062
[Iter 858] Loss: 311.2121887207031
[Iter 859] Loss: 119.14886474609375
[Iter 860] Loss: 156.471435546875
[Iter 861] Loss: 239.80148315429688
[Iter 862] Loss: 169.95550537109375
[Iter 863] Loss: 258.31732177734375
[Iter 864] Loss: 201.366943359375
[Iter 865] Loss: 199.37010192871094
[Iter 866] Loss: 132.62705993652344
[Iter 867] Loss: 164.565185546875
[Iter 868] Loss: 257.9560241699219
[Iter 869] Loss: 114.52123260498047
[Iter 870] Loss: 230.58348083496094
[Iter 871] Loss: 220.0993194580078
[Iter 872] Loss: 257.82305908203125
[Iter 873] Loss: 126.09927368164062
[Iter 874] Loss: 219.98858642578125
[Iter 875] Loss: 145.24172973632812
[Iter 876] Loss: 150.52232360839844
[Iter 877] Loss: 87.059326171875
[Iter 878] Loss: 153.65200805664062
[Iter 879] Loss: 129.77491760253906
[Iter 880] Loss: 118.38833618164062
[Iter 881] Loss: 136.3813934326172
[Iter 882] Loss: 210.0001220703125
[Iter 883] Loss: 253.52647399902344
[Iter 884] Loss: 175.8482666015625
[Iter 885] Loss: 213.077880859375
[Iter 886] Loss: 297.3658752441406
[Iter 887] Loss: 146.33441162109375
[Iter 888] Loss: 227.87538146972656
[Iter 889] Loss: 159.73226928710938
[Iter 890] Loss: 164.75531005859375
[Iter 891] Loss: 295.20343017578125
[Iter 892] Loss: 318.09637451171875
[Iter 893] Loss: 293.1639404296875
[Iter 894] Loss: 211.22198486328125
[Iter 895] Loss: 134.96405029296875
[Iter 896] Loss: 188.11141967773438
[Iter 897] Loss: 196.5926971435547
[Iter 898] Loss: 173.19239807128906
[Iter 899] Loss: 181.82627868652344
[Iter 900] Loss: 144.50247192382812
[Iter 901] Loss: 200.17849731445312
[Iter 902] Loss: 114.72166442871094
[Iter 903] Loss: 123.87322998046875
[Iter 904] Loss: 147.06393432617188
[Iter 905] Loss: 159.38351440429688
[Iter 906] Loss: 134.2699432373047
[Iter 907] Loss: 202.2293243408203
[Iter 908] Loss: 316.6485595703125
[Iter 909] Loss: 188.99501037597656
[Iter 910] Loss: 224.71726989746094
[Iter 911] Loss: 159.17227172851562
[Iter 912] Loss: 241.6064910888672
[Iter 913] Loss: 219.2603302001953
[Iter 914] Loss: 237.8894500732422
[Iter 915] Loss: 303.35418701171875
[Iter 916] Loss: 220.82473754882812
[Iter 917] Loss: 183.97828674316406
[Iter 918] Loss: 228.86212158203125
[Iter 919] Loss: 298.31134033203125
[Iter 920] Loss: 174.69137573242188
[Iter 921] Loss: 188.15582275390625
[Iter 922] Loss: 162.341796875
[Iter 923] Loss: 144.93289184570312
[Iter 924] Loss: 176.1006622314453
[Iter 925] Loss: 165.36109924316406
[Iter 926] Loss: 159.3532257080078
[Iter 927] Loss: 258.15802001953125
[Iter 928] Loss: 240.8711700439453
[Iter 929] Loss: 184.45831298828125
[Iter 930] Loss: 219.82125854492188
[Iter 931] Loss: 260.9727783203125
[Iter 932] Loss: 111.23953247070312
[Iter 933] Loss: 162.63653564453125
[Iter 934] Loss: 167.7027130126953
[Iter 935] Loss: 172.22177124023438
[Iter 936] Loss: 186.0128936767578
[Iter 937] Loss: 156.61607360839844
[Iter 938] Loss: 254.16722106933594
[Iter 939] Loss: 130.7268829345703
[Iter 940] Loss: 126.69962310791016
[Iter 941] Loss: 209.90740966796875
[Iter 942] Loss: 144.13624572753906
[Iter 943] Loss: 167.0555419921875
[Iter 944] Loss: 215.08383178710938
[Iter 945] Loss: 90.2644271850586
[Iter 946] Loss: 192.26028442382812
[Iter 947] Loss: 188.0552978515625
[Iter 948] Loss: 184.61842346191406
[Iter 949] Loss: 152.98928833007812
[Iter 950] Loss: 163.9336700439453
[Iter 951] Loss: 161.361328125
[Iter 952] Loss: 120.56597137451172
[Iter 953] Loss: 224.99856567382812
[Iter 954] Loss: 204.32362365722656
[Iter 955] Loss: 225.03977966308594
[Iter 956] Loss: 303.7183532714844
[Iter 957] Loss: 167.31668090820312
[Iter 958] Loss: 170.99952697753906
[Iter 959] Loss: 227.75860595703125
[Iter 960] Loss: 191.36766052246094
[Iter 961] Loss: 206.27740478515625
[Iter 962] Loss: 117.54275512695312
[Iter 963] Loss: 307.9347229003906
[Iter 964] Loss: 254.38357543945312
[Iter 965] Loss: 123.49903869628906
[Iter 966] Loss: 256.6053161621094
[Iter 967] Loss: 163.01292419433594
[Iter 968] Loss: 259.5771179199219
[Iter 969] Loss: 155.5729217529297
[Iter 970] Loss: 235.0815887451172
[Iter 971] Loss: 194.02134704589844
[Iter 972] Loss: 170.12806701660156
[Iter 973] Loss: 249.64028930664062
[Iter 974] Loss: 203.10983276367188
[Iter 975] Loss: 216.4971160888672
[Iter 976] Loss: 292.3512268066406
[Iter 977] Loss: 129.8747100830078
[Iter 978] Loss: 216.1978302001953
[Iter 979] Loss: 120.08494567871094
[Iter 980] Loss: 198.7191162109375
[Iter 981] Loss: 136.19178771972656
[Iter 982] Loss: 227.61517333984375
[Iter 983] Loss: 209.5875244140625
[Iter 984] Loss: 197.7831573486328
[Iter 985] Loss: 206.06077575683594
[Iter 986] Loss: 279.780517578125
[Iter 987] Loss: 309.68658447265625
[Iter 988] Loss: 332.6388854980469
[Iter 989] Loss: 144.53663635253906
[Iter 990] Loss: 252.1525115966797
[Iter 991] Loss: 175.30416870117188
[Iter 992] Loss: 252.3081817626953
[Iter 993] Loss: 206.02682495117188
[Iter 994] Loss: 145.99485778808594
[Iter 995] Loss: 231.05813598632812
[Iter 996] Loss: 224.5919647216797
[Iter 997] Loss: 179.21177673339844
[Iter 998] Loss: 220.0013427734375
[Iter 999] Loss: 180.7032470703125
[Iter 1000] Loss: 151.50730895996094
