[Iter 1] Loss: 2075.505859375
[Iter 2] Loss: 1939.783447265625
[Iter 3] Loss: 1614.8028564453125
[Iter 4] Loss: 1263.75146484375
[Iter 5] Loss: 1172.9180908203125
[Iter 6] Loss: 1110.5693359375
[Iter 7] Loss: 1091.83740234375
[Iter 8] Loss: 991.0830078125
[Iter 9] Loss: 1029.853759765625
[Iter 10] Loss: 1058.757080078125
[Iter 11] Loss: 1053.641357421875
[Iter 12] Loss: 657.759521484375
[Iter 13] Loss: 802.007080078125
[Iter 14] Loss: 887.0153198242188
[Iter 15] Loss: 1051.7808837890625
[Iter 16] Loss: 918.7738647460938
[Iter 17] Loss: 823.326904296875
[Iter 18] Loss: 768.1621704101562
[Iter 19] Loss: 709.6174926757812
[Iter 20] Loss: 848.8505249023438
[Iter 21] Loss: 761.5360107421875
[Iter 22] Loss: 705.8238525390625
[Iter 23] Loss: 950.755615234375
[Iter 24] Loss: 868.9472045898438
[Iter 25] Loss: 843.1691284179688
[Iter 26] Loss: 902.1157836914062
[Iter 27] Loss: 680.4685668945312
[Iter 28] Loss: 822.8160400390625
[Iter 29] Loss: 572.8983154296875
[Iter 30] Loss: 743.0983276367188
[Iter 31] Loss: 491.8865051269531
[Iter 32] Loss: 738.9786376953125
[Iter 33] Loss: 680.7130737304688
[Iter 34] Loss: 617.5537719726562
[Iter 35] Loss: 674.1394653320312
[Iter 36] Loss: 766.9443969726562
[Iter 37] Loss: 656.9501953125
[Iter 38] Loss: 506.3785400390625
[Iter 39] Loss: 822.4703369140625
[Iter 40] Loss: 890.7000732421875
[Iter 41] Loss: 554.859130859375
[Iter 42] Loss: 822.0932006835938
[Iter 43] Loss: 823.8834838867188
[Iter 44] Loss: 591.8462524414062
[Iter 45] Loss: 649.6132202148438
[Iter 46] Loss: 745.9381713867188
[Iter 47] Loss: 779.7347412109375
[Iter 48] Loss: 913.709228515625
[Iter 49] Loss: 1086.951171875
[Iter 50] Loss: 737.5062255859375
[Iter 51] Loss: 747.1150512695312
[Iter 52] Loss: 708.3654174804688
[Iter 53] Loss: 740.940673828125
[Iter 54] Loss: 669.8370361328125
[Iter 55] Loss: 878.4312133789062
[Iter 56] Loss: 943.512939453125
[Iter 57] Loss: 790.9000244140625
[Iter 58] Loss: 719.0772705078125
[Iter 59] Loss: 815.438720703125
[Iter 60] Loss: 724.9075317382812
[Iter 61] Loss: 772.3551025390625
[Iter 62] Loss: 845.5172119140625
[Iter 63] Loss: 763.4932861328125
[Iter 64] Loss: 675.48681640625
[Iter 65] Loss: 833.2562255859375
[Iter 66] Loss: 744.751220703125
[Iter 67] Loss: 674.221435546875
[Iter 68] Loss: 729.5938110351562
[Iter 69] Loss: 894.38525390625
[Iter 70] Loss: 780.8677978515625
[Iter 71] Loss: 943.4420166015625
[Iter 72] Loss: 755.0718383789062
[Iter 73] Loss: 855.1805419921875
[Iter 74] Loss: 823.463623046875
[Iter 75] Loss: 747.1517944335938
[Iter 76] Loss: 897.6351318359375
[Iter 77] Loss: 731.4376220703125
[Iter 78] Loss: 687.8265380859375
[Iter 79] Loss: 952.5640258789062
[Iter 80] Loss: 828.736083984375
[Iter 81] Loss: 831.249267578125
[Iter 82] Loss: 615.134033203125
[Iter 83] Loss: 662.0424194335938
[Iter 84] Loss: 778.0615234375
[Iter 85] Loss: 861.970947265625
[Iter 86] Loss: 750.6737670898438
[Iter 87] Loss: 1009.7640380859375
[Iter 88] Loss: 737.0767822265625
[Iter 89] Loss: 837.150390625
[Iter 90] Loss: 618.7108154296875
[Iter 91] Loss: 803.5216064453125
[Iter 92] Loss: 902.2943115234375
[Iter 93] Loss: 704.6949462890625
[Iter 94] Loss: 597.5494384765625
[Iter 95] Loss: 746.423583984375
[Iter 96] Loss: 829.2049560546875
[Iter 97] Loss: 833.0064697265625
[Iter 98] Loss: 725.21337890625
[Iter 99] Loss: 874.6226806640625
[Iter 100] Loss: 847.219482421875
