[Iter 1] Loss: 2077.978759765625
[Iter 2] Loss: 1917.3853759765625
[Iter 3] Loss: 1563.9656982421875
[Iter 4] Loss: 1214.757568359375
[Iter 5] Loss: 1123.05419921875
[Iter 6] Loss: 1330.8575439453125
[Iter 7] Loss: 1110.041259765625
[Iter 8] Loss: 1059.1597900390625
[Iter 9] Loss: 981.6693115234375
[Iter 10] Loss: 1141.208251953125
[Iter 11] Loss: 1074.84326171875
[Iter 12] Loss: 669.4620971679688
[Iter 13] Loss: 1085.1318359375
[Iter 14] Loss: 844.4909057617188
[Iter 15] Loss: 1026.6640625
[Iter 16] Loss: 820.7242431640625
[Iter 17] Loss: 797.428466796875
[Iter 18] Loss: 826.2627563476562
[Iter 19] Loss: 886.6380004882812
[Iter 20] Loss: 916.0875244140625
[Iter 21] Loss: 876.1615600585938
[Iter 22] Loss: 767.5769653320312
[Iter 23] Loss: 913.3157958984375
[Iter 24] Loss: 896.85693359375
[Iter 25] Loss: 763.4918823242188
[Iter 26] Loss: 883.3564453125
[Iter 27] Loss: 805.0870361328125
[Iter 28] Loss: 799.8155517578125
[Iter 29] Loss: 693.611083984375
[Iter 30] Loss: 796.6390991210938
[Iter 31] Loss: 567.94140625
[Iter 32] Loss: 696.0882568359375
[Iter 33] Loss: 738.4280395507812
[Iter 34] Loss: 648.51806640625
[Iter 35] Loss: 756.9707641601562
[Iter 36] Loss: 839.0398559570312
[Iter 37] Loss: 828.2809448242188
[Iter 38] Loss: 521.247314453125
[Iter 39] Loss: 936.6495971679688
[Iter 40] Loss: 900.155517578125
[Iter 41] Loss: 532.9766845703125
[Iter 42] Loss: 889.412109375
[Iter 43] Loss: 798.741943359375
[Iter 44] Loss: 769.7613525390625
[Iter 45] Loss: 605.28125
[Iter 46] Loss: 622.66552734375
[Iter 47] Loss: 776.73583984375
[Iter 48] Loss: 846.575439453125
[Iter 49] Loss: 1061.5880126953125
[Iter 50] Loss: 845.8430786132812
[Iter 51] Loss: 698.843017578125
[Iter 52] Loss: 734.5367431640625
[Iter 53] Loss: 733.4547119140625
[Iter 54] Loss: 922.8754272460938
[Iter 55] Loss: 679.255859375
[Iter 56] Loss: 951.1536254882812
[Iter 57] Loss: 878.3869018554688
[Iter 58] Loss: 801.506103515625
[Iter 59] Loss: 742.4566650390625
[Iter 60] Loss: 745.236328125
[Iter 61] Loss: 698.4964599609375
[Iter 62] Loss: 871.4691772460938
[Iter 63] Loss: 629.259765625
[Iter 64] Loss: 638.3088989257812
[Iter 65] Loss: 898.252197265625
[Iter 66] Loss: 793.04150390625
[Iter 67] Loss: 582.495361328125
[Iter 68] Loss: 780.8023681640625
[Iter 69] Loss: 767.5065307617188
[Iter 70] Loss: 658.9554443359375
[Iter 71] Loss: 926.3531494140625
[Iter 72] Loss: 768.2210693359375
[Iter 73] Loss: 814.46044921875
[Iter 74] Loss: 908.9030151367188
[Iter 75] Loss: 708.6158447265625
[Iter 76] Loss: 974.5917358398438
[Iter 77] Loss: 760.5856323242188
[Iter 78] Loss: 702.7281494140625
[Iter 79] Loss: 858.0262451171875
[Iter 80] Loss: 742.3034057617188
[Iter 81] Loss: 874.3638916015625
[Iter 82] Loss: 720.0546875
[Iter 83] Loss: 776.6956787109375
[Iter 84] Loss: 755.4752807617188
[Iter 85] Loss: 862.2101440429688
[Iter 86] Loss: 807.9544677734375
[Iter 87] Loss: 850.0699462890625
[Iter 88] Loss: 836.999755859375
[Iter 89] Loss: 753.6825561523438
[Iter 90] Loss: 706.5389404296875
[Iter 91] Loss: 836.7213134765625
[Iter 92] Loss: 908.0966796875
[Iter 93] Loss: 677.8475952148438
[Iter 94] Loss: 560.0264282226562
[Iter 95] Loss: 646.5480346679688
[Iter 96] Loss: 866.1648559570312
[Iter 97] Loss: 733.5826416015625
[Iter 98] Loss: 709.9205322265625
[Iter 99] Loss: 730.731689453125
[Iter 100] Loss: 825.083740234375
