[Iter 1] Loss: 2095.864501953125
[Iter 2] Loss: 2031.043212890625
[Iter 3] Loss: 1852.607177734375
[Iter 4] Loss: 1542.6788330078125
[Iter 5] Loss: 1412.853271484375
[Iter 6] Loss: 1238.4632568359375
[Iter 7] Loss: 1175.97412109375
[Iter 8] Loss: 1103.5035400390625
[Iter 9] Loss: 1077.5474853515625
[Iter 10] Loss: 1448.58349609375
[Iter 11] Loss: 1185.8345947265625
[Iter 12] Loss: 873.4752197265625
[Iter 13] Loss: 1005.617431640625
[Iter 14] Loss: 805.802978515625
[Iter 15] Loss: 931.8848876953125
[Iter 16] Loss: 775.7981567382812
[Iter 17] Loss: 672.6793212890625
[Iter 18] Loss: 726.9888305664062
[Iter 19] Loss: 936.9183959960938
[Iter 20] Loss: 1030.38623046875
[Iter 21] Loss: 856.7708129882812
[Iter 22] Loss: 746.1439208984375
[Iter 23] Loss: 1080.522705078125
[Iter 24] Loss: 1035.3599853515625
[Iter 25] Loss: 733.0985107421875
[Iter 26] Loss: 753.726806640625
[Iter 27] Loss: 749.4647216796875
[Iter 28] Loss: 784.6251220703125
[Iter 29] Loss: 625.2655029296875
[Iter 30] Loss: 658.5093383789062
[Iter 31] Loss: 468.5853271484375
[Iter 32] Loss: 666.074951171875
[Iter 33] Loss: 660.72900390625
[Iter 34] Loss: 515.9129638671875
[Iter 35] Loss: 560.690673828125
[Iter 36] Loss: 614.024169921875
[Iter 37] Loss: 726.537109375
[Iter 38] Loss: 494.5777893066406
[Iter 39] Loss: 663.1007080078125
[Iter 40] Loss: 732.4901123046875
[Iter 41] Loss: 577.8287353515625
[Iter 42] Loss: 672.863037109375
[Iter 43] Loss: 658.2881469726562
[Iter 44] Loss: 611.4434814453125
[Iter 45] Loss: 491.7806396484375
[Iter 46] Loss: 616.1661376953125
[Iter 47] Loss: 781.8214721679688
[Iter 48] Loss: 722.326171875
[Iter 49] Loss: 955.2017822265625
[Iter 50] Loss: 613.7017822265625
[Iter 51] Loss: 636.6784057617188
[Iter 52] Loss: 607.465087890625
[Iter 53] Loss: 629.5307006835938
[Iter 54] Loss: 585.02734375
[Iter 55] Loss: 719.364990234375
[Iter 56] Loss: 750.5045776367188
[Iter 57] Loss: 662.7239990234375
[Iter 58] Loss: 567.6983642578125
[Iter 59] Loss: 637.7396240234375
[Iter 60] Loss: 594.2472534179688
[Iter 61] Loss: 610.9977416992188
[Iter 62] Loss: 705.3905639648438
[Iter 63] Loss: 540.8944091796875
[Iter 64] Loss: 512.1025390625
[Iter 65] Loss: 647.286376953125
[Iter 66] Loss: 566.6511840820312
[Iter 67] Loss: 466.1065673828125
[Iter 68] Loss: 589.5235595703125
[Iter 69] Loss: 665.42236328125
[Iter 70] Loss: 496.467529296875
[Iter 71] Loss: 730.5361328125
[Iter 72] Loss: 610.2571411132812
[Iter 73] Loss: 717.3145751953125
[Iter 74] Loss: 806.72802734375
[Iter 75] Loss: 594.0398559570312
[Iter 76] Loss: 705.6104736328125
[Iter 77] Loss: 611.2503662109375
[Iter 78] Loss: 563.0155029296875
[Iter 79] Loss: 693.661376953125
[Iter 80] Loss: 598.8865356445312
[Iter 81] Loss: 684.132080078125
[Iter 82] Loss: 515.4260864257812
[Iter 83] Loss: 571.2171630859375
[Iter 84] Loss: 685.8671875
[Iter 85] Loss: 723.2506103515625
[Iter 86] Loss: 715.2393188476562
[Iter 87] Loss: 652.0089111328125
[Iter 88] Loss: 660.1815185546875
[Iter 89] Loss: 610.4716796875
[Iter 90] Loss: 666.1104736328125
[Iter 91] Loss: 597.5478515625
[Iter 92] Loss: 684.8799438476562
[Iter 93] Loss: 448.0615234375
[Iter 94] Loss: 454.2413330078125
[Iter 95] Loss: 523.9779663085938
[Iter 96] Loss: 571.953857421875
[Iter 97] Loss: 498.3042297363281
[Iter 98] Loss: 569.3175048828125
[Iter 99] Loss: 504.01470947265625
[Iter 100] Loss: 715.881103515625
[Iter 101] Loss: 620.0748291015625
[Iter 102] Loss: 582.6593017578125
[Iter 103] Loss: 544.2223510742188
[Iter 104] Loss: 431.883544921875
[Iter 105] Loss: 430.2457275390625
[Iter 106] Loss: 576.794189453125
[Iter 107] Loss: 655.7401733398438
[Iter 108] Loss: 513.2033081054688
[Iter 109] Loss: 591.6756591796875
[Iter 110] Loss: 558.47314453125
[Iter 111] Loss: 616.35009765625
[Iter 112] Loss: 617.4261474609375
[Iter 113] Loss: 554.6054077148438
[Iter 114] Loss: 537.808349609375
[Iter 115] Loss: 701.1683349609375
[Iter 116] Loss: 635.682861328125
[Iter 117] Loss: 484.27734375
[Iter 118] Loss: 673.4310913085938
[Iter 119] Loss: 584.153076171875
[Iter 120] Loss: 567.672607421875
[Iter 121] Loss: 584.0565795898438
[Iter 122] Loss: 686.3922729492188
[Iter 123] Loss: 534.3230590820312
[Iter 124] Loss: 652.41259765625
[Iter 125] Loss: 693.8833618164062
[Iter 126] Loss: 556.314453125
[Iter 127] Loss: 644.7557373046875
[Iter 128] Loss: 715.848388671875
[Iter 129] Loss: 660.256591796875
[Iter 130] Loss: 537.2747802734375
[Iter 131] Loss: 485.8142395019531
[Iter 132] Loss: 517.0531005859375
[Iter 133] Loss: 488.0646057128906
[Iter 134] Loss: 439.8039855957031
[Iter 135] Loss: 588.239990234375
[Iter 136] Loss: 588.6998291015625
[Iter 137] Loss: 712.9745483398438
[Iter 138] Loss: 529.2828369140625
[Iter 139] Loss: 487.3777770996094
[Iter 140] Loss: 681.259765625
[Iter 141] Loss: 551.589111328125
[Iter 142] Loss: 546.0452880859375
[Iter 143] Loss: 450.8436584472656
[Iter 144] Loss: 631.552734375
[Iter 145] Loss: 480.41387939453125
[Iter 146] Loss: 414.83587646484375
[Iter 147] Loss: 638.0404052734375
[Iter 148] Loss: 433.6703796386719
[Iter 149] Loss: 493.8204345703125
[Iter 150] Loss: 490.3699951171875
[Iter 151] Loss: 576.0618896484375
[Iter 152] Loss: 561.0105590820312
[Iter 153] Loss: 454.03857421875
[Iter 154] Loss: 486.6396484375
[Iter 155] Loss: 591.7577514648438
[Iter 156] Loss: 574.244140625
[Iter 157] Loss: 361.33856201171875
[Iter 158] Loss: 438.17822265625
[Iter 159] Loss: 604.2352905273438
[Iter 160] Loss: 650.5429077148438
[Iter 161] Loss: 593.7072143554688
[Iter 162] Loss: 548.6624145507812
[Iter 163] Loss: 439.26165771484375
[Iter 164] Loss: 512.400634765625
[Iter 165] Loss: 578.8565063476562
[Iter 166] Loss: 590.2827758789062
[Iter 167] Loss: 728.9466552734375
[Iter 168] Loss: 538.9703369140625
[Iter 169] Loss: 412.4211120605469
[Iter 170] Loss: 713.2630615234375
[Iter 171] Loss: 566.084228515625
[Iter 172] Loss: 531.6634521484375
[Iter 173] Loss: 502.53125
[Iter 174] Loss: 389.7801513671875
[Iter 175] Loss: 575.8259887695312
[Iter 176] Loss: 395.5584411621094
[Iter 177] Loss: 687.8467407226562
[Iter 178] Loss: 480.2113037109375
[Iter 179] Loss: 731.36669921875
[Iter 180] Loss: 591.0924072265625
[Iter 181] Loss: 431.2337646484375
[Iter 182] Loss: 612.9661865234375
[Iter 183] Loss: 622.237060546875
[Iter 184] Loss: 510.43408203125
[Iter 185] Loss: 425.06103515625
[Iter 186] Loss: 526.21435546875
[Iter 187] Loss: 547.3963012695312
[Iter 188] Loss: 433.028564453125
[Iter 189] Loss: 501.9460144042969
[Iter 190] Loss: 416.3738708496094
[Iter 191] Loss: 506.41790771484375
[Iter 192] Loss: 679.8610229492188
[Iter 193] Loss: 644.7093505859375
[Iter 194] Loss: 609.8176879882812
[Iter 195] Loss: 591.281982421875
[Iter 196] Loss: 501.06475830078125
[Iter 197] Loss: 579.0534057617188
[Iter 198] Loss: 772.303955078125
[Iter 199] Loss: 571.8093872070312
[Iter 200] Loss: 464.0519104003906
[Iter 201] Loss: 555.982177734375
[Iter 202] Loss: 677.4234619140625
[Iter 203] Loss: 528.404541015625
[Iter 204] Loss: 512.1906127929688
[Iter 205] Loss: 655.845947265625
[Iter 206] Loss: 514.441162109375
[Iter 207] Loss: 540.9293212890625
[Iter 208] Loss: 520.48681640625
[Iter 209] Loss: 538.6011962890625
[Iter 210] Loss: 548.996826171875
[Iter 211] Loss: 597.3905029296875
[Iter 212] Loss: 541.23193359375
[Iter 213] Loss: 532.4171142578125
[Iter 214] Loss: 508.8383483886719
[Iter 215] Loss: 736.52099609375
[Iter 216] Loss: 477.099365234375
[Iter 217] Loss: 490.004638671875
[Iter 218] Loss: 679.314453125
[Iter 219] Loss: 599.004638671875
[Iter 1] Loss: 2091.95654296875
