[Iter 1] Loss: 2204.2978515625
[Iter 2] Loss: 1911.278076171875
[Iter 3] Loss: 4934115328.0
[Iter 4] Loss: nan
[Iter 5] Loss: nan
[Iter 1] Loss: 2206.510009765625
[Iter 2] Loss: 2193.40966796875
[Iter 3] Loss: 2165.6943359375
[Iter 4] Loss: 2130.0361328125
[Iter 5] Loss: 2091.42529296875
[Iter 6] Loss: 2010.1595458984375
[Iter 7] Loss: 1891.896240234375
[Iter 8] Loss: 1749.4410400390625
[Iter 9] Loss: 1648.5242919921875
[Iter 10] Loss: 1507.5732421875
[Iter 11] Loss: 1198.7879638671875
[Iter 12] Loss: 977.44189453125
[Iter 13] Loss: 1467.8056640625
[Iter 14] Loss: 1364.94580078125
[Iter 15] Loss: 1113.8525390625
[Iter 16] Loss: 1103.65966796875
[Iter 17] Loss: 1035.15966796875
[Iter 18] Loss: 1020.0101318359375
[Iter 19] Loss: 1188.1939697265625
[Iter 20] Loss: 1008.0054931640625
[Iter 21] Loss: 1011.9317626953125
[Iter 22] Loss: 861.5059814453125
[Iter 23] Loss: 1305.80908203125
[Iter 24] Loss: 1049.49658203125
[Iter 25] Loss: 735.9515380859375
[Iter 26] Loss: 841.5804443359375
[Iter 27] Loss: 806.340087890625
[Iter 28] Loss: 876.1998291015625
[Iter 29] Loss: 855.3057861328125
[Iter 30] Loss: 1014.058349609375
[Iter 31] Loss: 772.9946899414062
[Iter 32] Loss: 918.2013549804688
[Iter 33] Loss: 741.4738159179688
[Iter 34] Loss: 682.170654296875
[Iter 35] Loss: 754.1807861328125
[Iter 36] Loss: 618.7274169921875
[Iter 37] Loss: 675.6719970703125
[Iter 38] Loss: 570.1766357421875
[Iter 39] Loss: 873.5477294921875
[Iter 40] Loss: 770.8212280273438
[Iter 41] Loss: 821.346923828125
[Iter 42] Loss: 850.734619140625
[Iter 43] Loss: 744.0455322265625
[Iter 44] Loss: 605.8225708007812
[Iter 45] Loss: 600.19580078125
[Iter 46] Loss: 864.91357421875
[Iter 47] Loss: 892.0810546875
[Iter 48] Loss: 901.3115234375
[Iter 49] Loss: 1094.9967041015625
[Iter 50] Loss: 783.784423828125
[Iter 51] Loss: 897.8017578125
[Iter 52] Loss: 821.0384521484375
[Iter 53] Loss: 956.1837768554688
[Iter 54] Loss: 918.2587280273438
[Iter 55] Loss: 866.117919921875
[Iter 56] Loss: 1026.2879638671875
[Iter 57] Loss: 762.8113403320312
[Iter 58] Loss: 753.4549560546875
[Iter 59] Loss: 729.282958984375
[Iter 60] Loss: 663.8077392578125
[Iter 61] Loss: 803.1427001953125
[Iter 62] Loss: 951.57763671875
[Iter 63] Loss: 716.95361328125
[Iter 64] Loss: 599.7817993164062
[Iter 65] Loss: 793.6484985351562
[Iter 66] Loss: 738.55517578125
[Iter 67] Loss: 793.7037353515625
[Iter 68] Loss: 804.3685913085938
[Iter 69] Loss: 779.4537353515625
[Iter 70] Loss: 654.3931274414062
[Iter 71] Loss: 1120.8341064453125
[Iter 72] Loss: 636.5210571289062
[Iter 73] Loss: 847.4066162109375
[Iter 74] Loss: 956.3789672851562
[Iter 75] Loss: 934.63525390625
[Iter 76] Loss: 1033.87109375
[Iter 77] Loss: 802.4422607421875
[Iter 78] Loss: 674.157470703125
[Iter 79] Loss: 1016.962158203125
[Iter 80] Loss: 849.4735107421875
[Iter 81] Loss: 941.73681640625
[Iter 82] Loss: 663.4508056640625
[Iter 83] Loss: 879.772216796875
[Iter 84] Loss: 647.3348999023438
[Iter 85] Loss: 830.2900390625
[Iter 86] Loss: 681.1435546875
[Iter 87] Loss: 828.0924072265625
[Iter 88] Loss: 722.2511596679688
[Iter 89] Loss: 765.400146484375
[Iter 90] Loss: 746.243408203125
[Iter 91] Loss: 886.3070068359375
[Iter 92] Loss: 794.229248046875
[Iter 93] Loss: 679.5796508789062
[Iter 94] Loss: 551.9679565429688
[Iter 95] Loss: 527.733154296875
[Iter 96] Loss: 658.2843627929688
[Iter 97] Loss: 717.92236328125
[Iter 98] Loss: 550.3831176757812
[Iter 99] Loss: 748.733642578125
[Iter 100] Loss: 797.8320922851562
