[Iter 1] Loss: 2089.751953125
[Iter 2] Loss: 2077.04931640625
[Iter 3] Loss: 2079.69921875
[Iter 4] Loss: 2079.341064453125
[Iter 5] Loss: 2077.541015625
[Iter 6] Loss: 2081.190673828125
[Iter 7] Loss: 2072.332275390625
[Iter 8] Loss: 2056.1376953125
[Iter 9] Loss: 2054.859375
[Iter 10] Loss: 2040.854736328125
[Iter 11] Loss: 2037.007080078125
[Iter 12] Loss: 2038.937255859375
[Iter 13] Loss: 2025.4095458984375
[Iter 14] Loss: 2013.22509765625
[Iter 15] Loss: 2014.3802490234375
[Iter 16] Loss: 1992.899169921875
[Iter 17] Loss: 1974.233154296875
[Iter 18] Loss: 1970.5377197265625
[Iter 19] Loss: 1960.13623046875
[Iter 20] Loss: 1945.5987548828125
[Iter 21] Loss: 1931.82763671875
[Iter 22] Loss: 1931.1864013671875
[Iter 23] Loss: 1916.6103515625
[Iter 24] Loss: 1870.64501953125
[Iter 25] Loss: 1888.21435546875
[Iter 26] Loss: 1858.46728515625
[Iter 27] Loss: 1826.4267578125
[Iter 28] Loss: 1817.051025390625
[Iter 29] Loss: 1818.32861328125
[Iter 30] Loss: 1807.92822265625
[Iter 31] Loss: 1767.128662109375
[Iter 32] Loss: 1754.7130126953125
[Iter 33] Loss: 1740.1258544921875
[Iter 34] Loss: 1739.9102783203125
[Iter 35] Loss: 1720.330810546875
[Iter 36] Loss: 1683.5146484375
[Iter 37] Loss: 1681.0406494140625
[Iter 38] Loss: 1677.8304443359375
[Iter 39] Loss: 1682.78271484375
[Iter 40] Loss: 1640.87890625
[Iter 41] Loss: 1595.216552734375
[Iter 42] Loss: 1598.8353271484375
[Iter 43] Loss: 1573.654296875
[Iter 44] Loss: 1559.8424072265625
[Iter 45] Loss: 1567.2037353515625
[Iter 46] Loss: 1547.1248779296875
[Iter 47] Loss: 1499.9842529296875
[Iter 48] Loss: 1516.1971435546875
[Iter 49] Loss: 1514.8336181640625
[Iter 50] Loss: 1490.2822265625
0.18, 0.226, 0.256
